This is pdfTeX, Version 3.14159265-2.6-1.40.20 (TeX Live 2019/Arch Linux) (preloaded format=pdflatex 2020.5.15)  1 JUN 2020 09:10
entering extended mode
 restricted \write18 enabled.
 %&-line parsing enabled.
**/home/jiri/skola/m/kuzelosecky/main.tex
(/home/jiri/skola/m/kuzelosecky/main.tex
LaTeX2e <2019-10-01> patch level 1
(./h.tex (./h-include.tex
\Okraje=\dimen102
 (/home/jiri/souteze/_hlavicka/h-.tex
(/usr/share/texmf-dist/tex/latex/base/article.cls
Document Class: article 2019/08/27 v1.4j Standard LaTeX document class
(/usr/share/texmf-dist/tex/latex/base/size10.clo
File: size10.clo 2019/08/27 v1.4j Standard LaTeX file (size option)
)
\c@part=\count80
\c@section=\count81
\c@subsection=\count82
\c@subsubsection=\count83
\c@paragraph=\count84
\c@subparagraph=\count85
\c@figure=\count86
\c@table=\count87
\abovecaptionskip=\skip41
\belowcaptionskip=\skip42
\bibindent=\dimen103
)
(/usr/share/texmf-dist/tex/latex/base/inputenc.sty
Package: inputenc 2018/08/11 v1.3c Input encoding file
\inpenc@prehook=\toks14
\inpenc@posthook=\toks15
)
(/usr/share/texmf-dist/tex/generic/babel/babel.sty
Package: babel 2019/10/15 3.35 The Babel package

(/usr/share/texmf-dist/tex/generic/babel/switch.def
File: switch.def 2019/10/15 3.35 Babel switching mechanism
)
(/usr/share/texmf-dist/tex/generic/babel-czech/czech.ldf
Language: czech 2008/07/06 v3.1a Czech support from the babel system

(/usr/share/texmf-dist/tex/generic/babel/babel.def
File: babel.def 2019/10/15 3.35 Babel common definitions
\babel@savecnt=\count88
\U@D=\dimen104

(/usr/share/texmf-dist/tex/generic/babel/txtbabel.def)
\bbl@dirlevel=\count89
)
Package babel Info: Making " an active character on input line 172.
\cs@wordlen=\count90
Package babel Info: Making - an active character on input line 226.
))
(/usr/share/texmf-dist/tex/latex/amsmath/amsmath.sty
Package: amsmath 2019/04/01 v2.17c AMS math features
\@mathmargin=\skip43

For additional information on amsmath, use the `?' option.
(/usr/share/texmf-dist/tex/latex/amsmath/amstext.sty
Package: amstext 2000/06/29 v2.01 AMS text

(/usr/share/texmf-dist/tex/latex/amsmath/amsgen.sty
File: amsgen.sty 1999/11/30 v2.0 generic functions
\@emptytoks=\toks16
\ex@=\dimen105
))
(/usr/share/texmf-dist/tex/latex/amsmath/amsbsy.sty
Package: amsbsy 1999/11/29 v1.2d Bold Symbols
\pmbraise@=\dimen106
)
(/usr/share/texmf-dist/tex/latex/amsmath/amsopn.sty
Package: amsopn 2016/03/08 v2.02 operator names
)
\inf@bad=\count91
LaTeX Info: Redefining \frac on input line 227.
\uproot@=\count92
\leftroot@=\count93
LaTeX Info: Redefining \overline on input line 389.
\classnum@=\count94
\DOTSCASE@=\count95
LaTeX Info: Redefining \ldots on input line 486.
LaTeX Info: Redefining \dots on input line 489.
LaTeX Info: Redefining \cdots on input line 610.
\Mathstrutbox@=\box27
\strutbox@=\box28
\big@size=\dimen107
LaTeX Font Info:    Redeclaring font encoding OML on input line 733.
LaTeX Font Info:    Redeclaring font encoding OMS on input line 734.
\macc@depth=\count96
\c@MaxMatrixCols=\count97
\dotsspace@=\muskip10
\c@parentequation=\count98
\dspbrk@lvl=\count99
\tag@help=\toks17
\row@=\count100
\column@=\count101
\maxfields@=\count102
\andhelp@=\toks18
\eqnshift@=\dimen108
\alignsep@=\dimen109
\tagshift@=\dimen110
\tagwidth@=\dimen111
\totwidth@=\dimen112
\lineht@=\dimen113
\@envbody=\toks19
\multlinegap=\skip44
\multlinetaggap=\skip45
\mathdisplay@stack=\toks20
LaTeX Info: Redefining \[ on input line 2855.
LaTeX Info: Redefining \] on input line 2856.
)
(/usr/share/texmf-dist/tex/latex/amsfonts/amssymb.sty
Package: amssymb 2013/01/14 v3.01 AMS font symbols

(/usr/share/texmf-dist/tex/latex/amsfonts/amsfonts.sty
Package: amsfonts 2013/01/14 v3.01 Basic AMSFonts support
\symAMSa=\mathgroup4
\symAMSb=\mathgroup5
LaTeX Font Info:    Redeclaring math symbol \hbar on input line 98.
LaTeX Font Info:    Overwriting math alphabet `\mathfrak' in version `bold'
(Font)                  U/euf/m/n --> U/euf/b/n on input line 106.
))
(/usr/share/texmf-dist/tex/latex/tools/calc.sty
Package: calc 2017/05/25 v4.3 Infix arithmetic (KKT,FJ)
\calc@Acount=\count103
\calc@Bcount=\count104
\calc@Adimen=\dimen114
\calc@Bdimen=\dimen115
\calc@Askip=\skip46
\calc@Bskip=\skip47
LaTeX Info: Redefining \setlength on input line 80.
LaTeX Info: Redefining \addtolength on input line 81.
\calc@Ccount=\count105
\calc@Cskip=\skip48
)
(/usr/share/texmf-dist/tex/latex/pdfpages/pdfpages.sty
Package: pdfpages 2019/09/21 v0.5n Insert pages of external PDF documents (AM)

(/usr/share/texmf-dist/tex/latex/base/ifthen.sty
Package: ifthen 2014/09/29 v1.1c Standard LaTeX ifthen package (DPC)
)
(/usr/share/texmf-dist/tex/latex/eso-pic/eso-pic.sty
Package: eso-pic 2018/04/12 v2.0h eso-pic (RN)

(/usr/share/texmf-dist/tex/generic/oberdiek/atbegshi.sty
Package: atbegshi 2016/06/09 v1.18 At begin shipout hook (HO)

(/usr/share/texmf-dist/tex/generic/oberdiek/infwarerr.sty
Package: infwarerr 2016/05/16 v1.4 Providing info/warning/error messages (HO)
)
(/usr/share/texmf-dist/tex/generic/oberdiek/ltxcmds.sty
Package: ltxcmds 2016/05/16 v1.23 LaTeX kernel commands for general use (HO)
)
(/usr/share/texmf-dist/tex/generic/oberdiek/ifpdf.sty
Package: ifpdf 2018/09/07 v3.3 Provides the ifpdf switch
))
(/usr/share/texmf-dist/tex/latex/graphics/keyval.sty
Package: keyval 2014/10/28 v1.15 key=value parser (DPC)
\KV@toks@=\toks21
)
(/usr/share/texmf-dist/tex/latex/xcolor/xcolor.sty
Package: xcolor 2016/05/11 v2.12 LaTeX color extensions (UK)

(/usr/share/texmf-dist/tex/latex/graphics-cfg/color.cfg
File: color.cfg 2016/01/02 v1.6 sample color configuration
)
Package xcolor Info: Driver file: pdftex.def on input line 225.

(/usr/share/texmf-dist/tex/latex/graphics-def/pdftex.def
File: pdftex.def 2018/01/08 v1.0l Graphics/color driver for pdftex
)
Package xcolor Info: Model `cmy' substituted by `cmy0' on input line 1348.
Package xcolor Info: Model `hsb' substituted by `rgb' on input line 1352.
Package xcolor Info: Model `RGB' extended on input line 1364.
Package xcolor Info: Model `HTML' substituted by `rgb' on input line 1366.
Package xcolor Info: Model `Hsb' substituted by `hsb' on input line 1367.
Package xcolor Info: Model `tHsb' substituted by `hsb' on input line 1368.
Package xcolor Info: Model `HSB' substituted by `hsb' on input line 1369.
Package xcolor Info: Model `Gray' substituted by `gray' on input line 1370.
Package xcolor Info: Model `wave' substituted by `hsb' on input line 1371.
))
(/usr/share/texmf-dist/tex/latex/graphics/graphicx.sty
Package: graphicx 2017/06/01 v1.1a Enhanced LaTeX Graphics (DPC,SPQR)

(/usr/share/texmf-dist/tex/latex/graphics/graphics.sty
Package: graphics 2019/10/08 v1.3c Standard LaTeX Graphics (DPC,SPQR)

(/usr/share/texmf-dist/tex/latex/graphics/trig.sty
Package: trig 2016/01/03 v1.10 sin cos tan (DPC)
)
(/usr/share/texmf-dist/tex/latex/graphics-cfg/graphics.cfg
File: graphics.cfg 2016/06/04 v1.11 sample graphics configuration
)
Package graphics Info: Driver file: pdftex.def on input line 105.
)
\Gin@req@height=\dimen116
\Gin@req@width=\dimen117
)
\AM@pagewidth=\dimen118
\AM@pageheight=\dimen119

(/usr/share/texmf-dist/tex/latex/pdfpages/pppdftex.def
File: pppdftex.def 2019/09/21 v0.5n Pdfpages driver for pdfTeX (AM)
)
\AM@pagebox=\box29
\AM@global@opts=\toks22
\AM@toc@title=\toks23
\c@AM@survey=\count106
\AM@templatesizebox=\box30
)
\OKRAJE=\dimen120
\DOKUMENTVYSKA=\dimen121
)
(/usr/local/share/texmf/tex/latex/enumitem/enumitem.sty
Package: enumitem 2019/06/20 v3.9 Customized lists
\labelindent=\skip49
\enit@outerparindent=\dimen122
\enit@toks=\toks24
\enit@inbox=\box31
\enit@count@id=\count107
\enitdp@description=\count108
)
\c@V=\count109
\c@chapter=\count110
\c@roman=\count111
\c@countOfBegin=\count112
)) (./main.aux)
\openout1 = `main.aux'.

LaTeX Font Info:    Checking defaults for OML/cmm/m/it on input line 2.
LaTeX Font Info:    ... okay on input line 2.
LaTeX Font Info:    Checking defaults for T1/cmr/m/n on input line 2.
LaTeX Font Info:    ... okay on input line 2.
LaTeX Font Info:    Checking defaults for OT1/cmr/m/n on input line 2.
LaTeX Font Info:    ... okay on input line 2.
LaTeX Font Info:    Checking defaults for OMS/cmsy/m/n on input line 2.
LaTeX Font Info:    ... okay on input line 2.
LaTeX Font Info:    Checking defaults for OMX/cmex/m/n on input line 2.
LaTeX Font Info:    ... okay on input line 2.
LaTeX Font Info:    Checking defaults for U/cmr/m/n on input line 2.
LaTeX Font Info:    ... okay on input line 2.
\AtBeginShipoutBox=\box32

(/usr/share/texmf-dist/tex/context/base/mkii/supp-pdf.mkii
[Loading MPS to PDF converter (version 2006.09.02).]
\scratchcounter=\count113
\scratchdimen=\dimen123
\scratchbox=\box33
\nofMPsegments=\count114
\nofMParguments=\count115
\everyMPshowfont=\toks25
\MPscratchCnt=\count116
\MPscratchDim=\dimen124
\MPnumerator=\count117
\makeMPintoPDFobject=\count118
\everyMPtoPDFconversion=\toks26
) (/usr/share/texmf-dist/tex/latex/oberdiek/epstopdf-base.sty
Package: epstopdf-base 2016/05/15 v2.6 Base part for package epstopdf

(/usr/share/texmf-dist/tex/latex/oberdiek/grfext.sty
Package: grfext 2016/05/16 v1.2 Manage graphics extensions (HO)

(/usr/share/texmf-dist/tex/generic/oberdiek/kvdefinekeys.sty
Package: kvdefinekeys 2016/05/16 v1.4 Define keys (HO)
))
(/usr/share/texmf-dist/tex/latex/oberdiek/kvoptions.sty
Package: kvoptions 2016/05/16 v3.12 Key value format for package options (HO)

(/usr/share/texmf-dist/tex/generic/oberdiek/kvsetkeys.sty
Package: kvsetkeys 2016/05/16 v1.17 Key value parser (HO)

(/usr/share/texmf-dist/tex/generic/oberdiek/etexcmds.sty
Package: etexcmds 2016/05/16 v1.6 Avoid name clashes with e-TeX commands (HO)

(/usr/share/texmf-dist/tex/generic/oberdiek/ifluatex.sty
Package: ifluatex 2016/05/16 v1.4 Provides the ifluatex switch (HO)
Package ifluatex Info: LuaTeX not detected.
))))
(/usr/share/texmf-dist/tex/generic/oberdiek/pdftexcmds.sty
Package: pdftexcmds 2019/07/25 v0.30 Utility functions of pdfTeX for LuaTeX (HO
)
Package pdftexcmds Info: LuaTeX not detected.
Package pdftexcmds Info: \pdf@primitive is available.
Package pdftexcmds Info: \pdf@ifprimitive is available.
Package pdftexcmds Info: \pdfdraftmode found.
)
Package epstopdf-base Info: Redefining graphics rule for `.eps' on input line 4
38.
Package grfext Info: Graphics extension search list:
(grfext)             [.pdf,.png,.jpg,.mps,.jpeg,.jbig2,.jb2,.PDF,.PNG,.JPG,.JPE
G,.JBIG2,.JB2,.eps]
(grfext)             \AppendGraphicsExtensions on input line 456.

(/usr/share/texmf-dist/tex/latex/latexconfig/epstopdf-sys.cfg
File: epstopdf-sys.cfg 2010/07/13 v1.3 Configuration of (r)epstopdf for TeX Liv
e
))
(/usr/share/texmf-dist/tex/latex/oberdiek/pdflscape.sty
Package: pdflscape 2016/05/14 v0.11 Display of landscape pages in PDF (HO)

(/usr/share/texmf-dist/tex/latex/graphics/lscape.sty
Package: lscape 2000/10/22 v3.01 Landscape Pages (DPC)
)
Package pdflscape Info: Auto-detected driver: pdftex on input line 81.

(/usr/share/texmf-dist/tex/generic/ifxetex/ifxetex.sty
Package: ifxetex 2010/09/12 v0.6 Provides ifxetex conditional
)) (./main.toc
LaTeX Font Info:    Trying to load font information for OMS+cmr on input line 2
.

(/usr/share/texmf-dist/tex/latex/base/omscmr.fd
File: omscmr.fd 2014/09/29 v2.5h Standard LaTeX font definitions
)
LaTeX Font Info:    Font shape `OMS/cmr/bx/n' in size <10> not available
(Font)              Font shape `OMS/cmsy/b/n' tried instead on input line 2.

Overfull \hbox (4.95822pt too wide) detected at line 11
\OMS/cmsy/b/n/10 x\OT1/cmr/bx/n/10 10. 
 []

LaTeX Font Info:    Trying to load font information for U+msa on input line 12.

(/usr/share/texmf-dist/tex/latex/amsfonts/umsa.fd
File: umsa.fd 2013/01/14 v3.01 AMS symbols A
)
LaTeX Font Info:    Trying to load font information for U+msb on input line 12.


(/usr/share/texmf-dist/tex/latex/amsfonts/umsb.fd
File: umsb.fd 2013/01/14 v3.01 AMS symbols B
)
Overfull \hbox (4.95822pt too wide) detected at line 13
\OMS/cmsy/b/n/10 x\OT1/cmr/bx/n/10 11. 
 []


Overfull \hbox (4.95822pt too wide) detected at line 14
\OMS/cmsy/b/n/10 x\OT1/cmr/bx/n/10 12. 
 []

)
\tf@toc=\write3
\openout3 = `main.toc'.

 (./1.tex (./h.tex)
LaTeX Font Info:    Font shape `OMS/cmr/bx/n' in size <14.4> not available
(Font)              Font shape `OMS/cmsy/b/n' tried instead on input line 3.

Underfull \hbox (badness 10000) in paragraph at lines 4--7

 []


Overfull \hbox (31.135pt too wide) in paragraph at lines 7--15
[] 
 []

<1-1.pdf, id=1, 992.70876pt x 331.2375pt>
File: 1-1.pdf Graphic file (type pdf)
<use 1-1.pdf>
Package pdftex.def Info: 1-1.pdf  used on input line 15.
(pdftex.def)             Requested size: 297.81493pt x 99.37201pt.
[1

{/var/lib/texmf/fonts/map/pdftex/updmap/pdftex.map}]
LaTeX Font Info:    Font shape `OMS/cmr/m/n' in size <10> not available
(Font)              Font shape `OMS/cmsy/m/n' tried instead on input line 23.
) (./2.tex (./h.tex)
[2 <./1-1.pdf>]
Underfull \hbox (badness 10000) in paragraph at lines 17--18

 []


Underfull \hbox (badness 10000) in paragraph at lines 25--26

 []

[3]
Underfull \hbox (badness 10000) in paragraph at lines 115--117

 []

[4]) (./3.tex (./h.tex)
Overfull \hbox (57.12439pt too wide) in paragraph at lines 26--28
[]\OT1/cmr/m/n/10 Polop^^Tr^^S^^Pka: $\OML/cmm/m/it/10 t > \OT1/cmr/m/n/10 0$: 
Zde le^^Tz^^S^^P ob^^Te dv^^Te hod-noty: tedy $[]$ 
 []

[5]
<3-1.pdf, id=33, 653.44125pt x 401.5pt>
File: 3-1.pdf Graphic file (type pdf)
<use 3-1.pdf>
Package pdftex.def Info: 3-1.pdf  used on input line 31.
(pdftex.def)             Requested size: 326.71982pt x 200.7495pt.

Underfull \hbox (badness 10000) in paragraph at lines 32--34

 []


Underfull \hbox (badness 10000) in paragraph at lines 56--58

 []

[6 <./3-1.pdf>]) (./4.tex (./h.tex)
Underfull \hbox (badness 10000) in paragraph at lines 16--18

 []

[7]
Underfull \hbox (badness 10000) in paragraph at lines 41--43

 []

) (./5.tex (./h.tex) [8] [9]) (./6.tex (./h.tex)
Underfull \hbox (badness 10000) in paragraph at lines 9--11

 []

[10]
Underfull \hbox (badness 10000) in paragraph at lines 38--41

 []


Underfull \hbox (badness 10000) in paragraph at lines 42--47

 []


Underfull \hbox (badness 10000) in paragraph at lines 51--59

 []


Underfull \hbox (badness 10000) in paragraph at lines 62--67

 []

) (./7.tex (./h.tex) [11]) (./8.tex (./h.tex) [12]
<8-1.pdf, id=57, 289.08pt x 225.84375pt>
File: 8-1.pdf Graphic file (type pdf)
<use 8-1.pdf>
Package pdftex.def Info: 8-1.pdf  used on input line 16.
(pdftex.def)             Requested size: 202.35461pt x 158.08954pt.
<8-2.pdf, id=58, 341.275pt x 330.23375pt>
File: 8-2.pdf Graphic file (type pdf)
<use 8-2.pdf>
Package pdftex.def Info: 8-2.pdf  used on input line 32.
(pdftex.def)             Requested size: 170.63707pt x 165.11646pt.
 [13 <./8-1.pdf>] [14 <./8-2.pdf>]) (./9.tex (./h.tex) [15] [16] [17] [18]) (./
10.tex (./h.tex)
<10-1.pdf, id=80, 159.59625pt x 102.3825pt>
File: 10-1.pdf Graphic file (type pdf)
<use 10-1.pdf>
Package pdftex.def Info: 10-1.pdf  used on input line 25.
(pdftex.def)             Requested size: 159.59584pt x 102.38225pt.

Overfull \hbox (2.22221pt too wide) in paragraph at lines 11--27
[]$ $[]$ 
 []

[19 <./10-1.pdf>]
Overfull \hbox (3.57782pt too wide) in alignment at lines 33--36
 [][][] []
 []


Underfull \hbox (badness 10000) in paragraph at lines 36--37

 []

<10-2.pdf, id=86, 323.2075pt x 250.9375pt>
File: 10-2.pdf Graphic file (type pdf)
<use 10-2.pdf>
Package pdftex.def Info: 10-2.pdf  used on input line 48.
(pdftex.def)             Requested size: 323.20671pt x 250.93687pt.
[20 <./10-2.pdf>]
<10-3.pdf, id=91, 363.3575pt x 270.00874pt>
File: 10-3.pdf Graphic file (type pdf)
<use 10-3.pdf>
Package pdftex.def Info: 10-3.pdf  used on input line 123.
(pdftex.def)             Requested size: 363.3566pt x 270.00807pt.

Overfull \hbox (18.4708pt too wide) in paragraph at lines 123--123
 [] 
 []

[21]
<10-4.pdf, id=95, 363.3575pt x 270.00874pt>
File: 10-4.pdf Graphic file (type pdf)
<use 10-4.pdf>
Package pdftex.def Info: 10-4.pdf  used on input line 143.
(pdftex.def)             Requested size: 363.3566pt x 270.00807pt.

Overfull \hbox (18.4708pt too wide) in paragraph at lines 143--143
 [] 
 []

[22 <./10-3.pdf>]) (./11.tex (./h.tex) [23 <./10-4.pdf>]
Overfull \hbox (3.1099pt too wide) in paragraph at lines 38--40
[]\OT1/cmr/m/n/10 Je-li d^^Sana rov-nice $[] \OMS/cmsy/m/n/10 ^^@ []$\OT1/cmr/m
/n/10 , kde $\OML/cmm/m/it/10 a > \OT1/cmr/m/n/10 0; \OML/cmm/m/it/10 b > \OT1/
cmr/m/n/10 0$, m^^Wu^^Tzeme se-stro-jit $\OML/cmm/m/it/10 A[]\OT1/cmr/m/n/10 [\
OMS/cmsy/m/n/10 ^^@\OML/cmm/m/it/10 a\OT1/cmr/m/n/10 ; 0]; \OML/cmm/m/it/10 A[]
\OT1/cmr/m/n/10 [\OML/cmm/m/it/10 a\OT1/cmr/m/n/10 ; 0]; \OML/cmm/m/it/10 K\OT1
/cmr/m/n/10 [\OML/cmm/m/it/10 a\OT1/cmr/m/n/10 ; \OML/cmm/m/it/10 b\OT1/cmr/m/n
/10 ]$.
 []


Overfull \hbox (14.23654pt too wide) in paragraph at lines 38--40
\OT1/cmr/m/n/10 Snadno ov^^Te^^Tr^^S^^Pme (viz p^^Tredhoz^^S^^P p^^Tr^^S^^Pkjla
d), ^^Tze hy-per-bola $\OML/cmm/m/it/10 H\OT1/cmr/m/n/10 (\OML/cmm/m/it/10 F; G
; \OT1/cmr/m/n/10 2\OML/cmm/m/it/10 a\OT1/cmr/m/n/10 )$ m^^Sa ana-li-tick^^Se v
yj^^Sad^^Tren^^S^^P,
 []

<11-1.pdf, id=104, 259.97125pt x 177.66376pt>
File: 11-1.pdf Graphic file (type pdf)
<use 11-1.pdf>
Package pdftex.def Info: 11-1.pdf  used on input line 63.
(pdftex.def)             Requested size: 259.97061pt x 177.66331pt.

Overfull \hbox (75.0277pt too wide) in paragraph at lines 63--63
 [] 
 []


Overfull \hbox (2.22221pt too wide) in paragraph at lines 51--65
[]$[]$ $[]$ 
 []

[24] [25 <./11-1.pdf>]
<11-2.pdf, id=113, 536.0025pt x 416.55624pt>
File: 11-2.pdf Graphic file (type pdf)
<use 11-2.pdf>
Package pdftex.def Info: 11-2.pdf  used on input line 102.
(pdftex.def)             Requested size: 160.80199pt x 124.96783pt.

Overfull \hbox (12.84991pt too wide) in paragraph at lines 102--102
 [] 
 []

<11-3.pdf, id=114, 638.385pt x 495.8525pt>
File: 11-3.pdf Graphic file (type pdf)
<use 11-3.pdf>
Package pdftex.def Info: 11-3.pdf  used on input line 119.
(pdftex.def)             Requested size: 191.51697pt x 148.7569pt.

Overfull \hbox (43.5649pt too wide) in paragraph at lines 119--119
 [] 
 []


Underfull \hbox (badness 10000) in paragraph at lines 142--145

 []


Underfull \hbox (badness 10000) in paragraph at lines 153--157

 []

[26 <./11-2.pdf> <./11-3.pdf>]) (./12.tex (./h.tex)
<12-1.pdf, id=120, 472.76625pt x 783.92876pt>
File: 12-1.pdf Graphic file (type pdf)
<use 12-1.pdf>
Package pdftex.def Info: 12-1.pdf  used on input line 18.
(pdftex.def)             Requested size: 141.83096pt x 235.18044pt.

Overfull \hbox (14.95425pt too wide) in paragraph at lines 21--26
[]\OT1/cmr/m/n/10 Pov^^Tsimneme si \OT1/cmr/m/it/10 vnit^^Trku ku^^Tzelov^^Se p
lo-chy \OT1/cmr/m/n/10 a jej^^S^^Pho te^^Tckoven^^Seho pr^^Wuniku s ro-vi-nou k
u^^Tzelese^^Tcky.
 []

[27 <./12-1.pdf>]

LaTeX Warning: Command \frqq invalid in math mode on input line 29.

[28]
Underfull \hbox (badness 10000) in paragraph at lines 116--118

 []

[29]) [30] (./main.aux) )
(\end occurred when \ifnum on line 16 was incomplete) 
Here is how much of TeX's memory you used:
 5249 strings out of 492167
 69225 string characters out of 6131558
 167433 words of memory out of 5000000
 9431 multiletter control sequences out of 15000+600000
 12060 words of font info for 47 fonts, out of 8000000 for 9000
 1141 hyphenation exceptions out of 8191
 49i,14n,51p,364b,380s stack positions out of 5000i,500n,10000p,200000b,80000s
</usr/share/texmf-dist/fon
ts/type1/public/amsfonts/cm/cmbsy10.pfb></usr/share/texmf-dist/fonts/type1/publ
ic/amsfonts/cm/cmbx10.pfb></usr/share/texmf-dist/fonts/type1/public/amsfonts/cm
/cmbx12.pfb></usr/share/texmf-dist/fonts/type1/public/amsfonts/cm/cmex10.pfb></
usr/share/texmf-dist/fonts/type1/public/amsfonts/cm/cmmi10.pfb></usr/share/texm
f-dist/fonts/type1/public/amsfonts/cm/cmmi12.pfb></usr/share/texmf-dist/fonts/t
ype1/public/amsfonts/cm/cmmi7.pfb></usr/share/texmf-dist/fonts/type1/public/ams
fonts/cm/cmr10.pfb></usr/share/texmf-dist/fonts/type1/public/amsfonts/cm/cmr5.p
fb></usr/share/texmf-dist/fonts/type1/public/amsfonts/cm/cmr7.pfb></usr/share/t
exmf-dist/fonts/type1/public/amsfonts/cm/cmsy10.pfb></usr/share/texmf-dist/font
s/type1/public/amsfonts/cm/cmsy5.pfb></usr/share/texmf-dist/fonts/type1/public/
amsfonts/cm/cmsy7.pfb></usr/share/texmf-dist/fonts/type1/public/amsfonts/cm/cmt
i10.pfb></usr/share/texmf-dist/fonts/type1/public/amsfonts/symbols/msbm10.pfb>
Output written on main.pdf (30 pages, 868279 bytes).
PDF statistics:
 189 PDF objects out of 1000 (max. 8388607)
 127 compressed objects within 2 object streams
 0 named destinations out of 1000 (max. 500000)
 61 words of extra memory for PDF output out of 10000 (max. 10000000)

