This is pdfTeX, Version 3.14159265-2.6-1.40.20 (TeX Live 2019/Arch Linux) (preloaded format=pdflatex 2020.5.15)  7 JUN 2020 18:09
entering extended mode
 restricted \write18 enabled.
 %&-line parsing enabled.
**/home/jiri/skola/ch/projekt/main.tex
(/home/jiri/skola/ch/projekt/main.tex
LaTeX2e <2019-10-01> patch level 1
(/usr/share/texmf-dist/tex/latex/base/article.cls
Document Class: article 2019/08/27 v1.4j Standard LaTeX document class
(/usr/share/texmf-dist/tex/latex/base/size12.clo
File: size12.clo 2019/08/27 v1.4j Standard LaTeX file (size option)
)
\c@part=\count80
\c@section=\count81
\c@subsection=\count82
\c@subsubsection=\count83
\c@paragraph=\count84
\c@subparagraph=\count85
\c@figure=\count86
\c@table=\count87
\abovecaptionskip=\skip41
\belowcaptionskip=\skip42
\bibindent=\dimen102
)
(/usr/share/texmf-dist/tex/generic/babel/babel.sty
Package: babel 2019/10/15 3.35 The Babel package

(/usr/share/texmf-dist/tex/generic/babel/switch.def
File: switch.def 2019/10/15 3.35 Babel switching mechanism
)
(/usr/share/texmf-dist/tex/generic/babel-czech/czech.ldf
Language: czech 2008/07/06 v3.1a Czech support from the babel system

(/usr/share/texmf-dist/tex/generic/babel/babel.def
File: babel.def 2019/10/15 3.35 Babel common definitions
\babel@savecnt=\count88
\U@D=\dimen103

(/usr/share/texmf-dist/tex/generic/babel/txtbabel.def)
\bbl@dirlevel=\count89
)
Package babel Info: Making " an active character on input line 172.
\cs@wordlen=\count90
Package babel Info: Making - an active character on input line 226.
))
(/usr/share/texmf-dist/tex/latex/graphics/graphicx.sty
Package: graphicx 2017/06/01 v1.1a Enhanced LaTeX Graphics (DPC,SPQR)

(/usr/share/texmf-dist/tex/latex/graphics/keyval.sty
Package: keyval 2014/10/28 v1.15 key=value parser (DPC)
\KV@toks@=\toks14
)
(/usr/share/texmf-dist/tex/latex/graphics/graphics.sty
Package: graphics 2019/10/08 v1.3c Standard LaTeX Graphics (DPC,SPQR)

(/usr/share/texmf-dist/tex/latex/graphics/trig.sty
Package: trig 2016/01/03 v1.10 sin cos tan (DPC)
)
(/usr/share/texmf-dist/tex/latex/graphics-cfg/graphics.cfg
File: graphics.cfg 2016/06/04 v1.11 sample graphics configuration
)
Package graphics Info: Driver file: pdftex.def on input line 105.

(/usr/share/texmf-dist/tex/latex/graphics-def/pdftex.def
File: pdftex.def 2018/01/08 v1.0l Graphics/color driver for pdftex
))
\Gin@req@height=\dimen104
\Gin@req@width=\dimen105
)
(/usr/share/texmf-dist/tex/latex/tools/tabularx.sty
Package: tabularx 2016/02/03 v2.11b `tabularx' package (DPC)

(/usr/share/texmf-dist/tex/latex/tools/array.sty
Package: array 2019/08/31 v2.4l Tabular extension package (FMi)
\col@sep=\dimen106
\ar@mcellbox=\box27
\extrarowheight=\dimen107
\NC@list=\toks15
\extratabsurround=\skip43
\backup@length=\skip44
\ar@cellbox=\box28
)
\TX@col@width=\dimen108
\TX@old@table=\dimen109
\TX@old@col=\dimen110
\TX@target=\dimen111
\TX@delta=\dimen112
\TX@cols=\count91
\TX@ftn=\toks16
)
(/usr/share/texmf-dist/tex/latex/hyperref/hyperref.sty
Package: hyperref 2019/09/28 v7.00a Hypertext links for LaTeX

(/usr/share/texmf-dist/tex/generic/oberdiek/hobsub-hyperref.sty
Package: hobsub-hyperref 2016/05/16 v1.14 Bundle oberdiek, subset hyperref (HO)


(/usr/share/texmf-dist/tex/generic/oberdiek/hobsub-generic.sty
Package: hobsub-generic 2016/05/16 v1.14 Bundle oberdiek, subset generic (HO)
Package: hobsub 2016/05/16 v1.14 Construct package bundles (HO)
Package: infwarerr 2016/05/16 v1.4 Providing info/warning/error messages (HO)
Package: ltxcmds 2016/05/16 v1.23 LaTeX kernel commands for general use (HO)
Package: ifluatex 2016/05/16 v1.4 Provides the ifluatex switch (HO)
Package ifluatex Info: LuaTeX not detected.
Package: ifvtex 2016/05/16 v1.6 Detect VTeX and its facilities (HO)
Package ifvtex Info: VTeX not detected.
Package: intcalc 2016/05/16 v1.2 Expandable calculations with integers (HO)
Package: ifpdf 2018/09/07 v3.3 Provides the ifpdf switch
Package: etexcmds 2016/05/16 v1.6 Avoid name clashes with e-TeX commands (HO)
Package: kvsetkeys 2016/05/16 v1.17 Key value parser (HO)
Package: kvdefinekeys 2016/05/16 v1.4 Define keys (HO)
Package: pdftexcmds 2019/07/25 v0.30 Utility functions of pdfTeX for LuaTeX (HO
)
Package pdftexcmds Info: LuaTeX not detected.
Package pdftexcmds Info: \pdf@primitive is available.
Package pdftexcmds Info: \pdf@ifprimitive is available.
Package pdftexcmds Info: \pdfdraftmode found.
Package: pdfescape 2016/05/16 v1.14 Implements pdfTeX's escape features (HO)
Package: bigintcalc 2016/05/16 v1.4 Expandable calculations on big integers (HO
)
Package: bitset 2016/05/16 v1.2 Handle bit-vector datatype (HO)
Package: uniquecounter 2016/05/16 v1.3 Provide unlimited unique counter (HO)
)
Package hobsub Info: Skipping package `hobsub' (already loaded).
Package: letltxmacro 2016/05/16 v1.5 Let assignment for LaTeX macros (HO)
Package: hopatch 2016/05/16 v1.3 Wrapper for package hooks (HO)
Package: xcolor-patch 2016/05/16 xcolor patch
Package: atveryend 2016/05/16 v1.9 Hooks at the very end of document (HO)
Package atveryend Info: \enddocument detected (standard20110627).
Package: atbegshi 2016/06/09 v1.18 At begin shipout hook (HO)
Package: refcount 2016/05/16 v3.5 Data extraction from label references (HO)
Package: hycolor 2016/05/16 v1.8 Color options for hyperref/bookmark (HO)
)
(/usr/share/texmf-dist/tex/generic/ifxetex/ifxetex.sty
Package: ifxetex 2010/09/12 v0.6 Provides ifxetex conditional
)
(/usr/share/texmf-dist/tex/latex/oberdiek/auxhook.sty
Package: auxhook 2016/05/16 v1.4 Hooks for auxiliary files (HO)
)
(/usr/share/texmf-dist/tex/latex/oberdiek/kvoptions.sty
Package: kvoptions 2016/05/16 v3.12 Key value format for package options (HO)
)
\@linkdim=\dimen113
\Hy@linkcounter=\count92
\Hy@pagecounter=\count93

(/usr/share/texmf-dist/tex/latex/hyperref/pd1enc.def
File: pd1enc.def 2019/09/28 v7.00a Hyperref: PDFDocEncoding definition (HO)
Now handling font encoding PD1 ...
... no UTF-8 mapping file for font encoding PD1
)
\Hy@SavedSpaceFactor=\count94

(/usr/share/texmf-dist/tex/latex/latexconfig/hyperref.cfg
File: hyperref.cfg 2002/06/06 v1.2 hyperref configuration of TeXLive
)
Package hyperref Info: Hyper figures OFF on input line 4540.
Package hyperref Info: Link nesting OFF on input line 4545.
Package hyperref Info: Hyper index ON on input line 4548.
Package hyperref Info: Plain pages OFF on input line 4555.
Package hyperref Info: Backreferencing OFF on input line 4560.
Package hyperref Info: Implicit mode ON; LaTeX internals redefined.
Package hyperref Info: Bookmarks ON on input line 4793.
\c@Hy@tempcnt=\count95

(/usr/share/texmf-dist/tex/latex/url/url.sty
\Urlmuskip=\muskip10
Package: url 2013/09/16  ver 3.4  Verb mode for urls, etc.
)
LaTeX Info: Redefining \url on input line 5152.
\XeTeXLinkMargin=\dimen114
\Fld@menulength=\count96
\Field@Width=\dimen115
\Fld@charsize=\dimen116
Package hyperref Info: Hyper figures OFF on input line 6423.
Package hyperref Info: Link nesting OFF on input line 6428.
Package hyperref Info: Hyper index ON on input line 6431.
Package hyperref Info: backreferencing OFF on input line 6438.
Package hyperref Info: Link coloring OFF on input line 6443.
Package hyperref Info: Link coloring with OCG OFF on input line 6448.
Package hyperref Info: PDF/A mode OFF on input line 6453.
LaTeX Info: Redefining \ref on input line 6493.
LaTeX Info: Redefining \pageref on input line 6497.
\Hy@abspage=\count97
\c@Item=\count98
\c@Hfootnote=\count99
)
Package hyperref Info: Driver (autodetected): hpdftex.

(/usr/share/texmf-dist/tex/latex/hyperref/hpdftex.def
File: hpdftex.def 2019/09/28 v7.00a Hyperref driver for pdfTeX
\Fld@listcount=\count100
\c@bookmark@seq@number=\count101

(/usr/share/texmf-dist/tex/latex/oberdiek/rerunfilecheck.sty
Package: rerunfilecheck 2016/05/16 v1.8 Rerun checks for auxiliary files (HO)
Package uniquecounter Info: New unique counter `rerunfilecheck' on input line 2
82.
)
\Hy@SectionHShift=\skip45
)
(/usr/share/texmf-dist/tex/latex/base/inputenc.sty
Package: inputenc 2018/08/11 v1.3c Input encoding file
\inpenc@prehook=\toks17
\inpenc@posthook=\toks18
)
(/usr/share/texmf-dist/tex/latex/base/fontenc.sty
Package: fontenc 2018/08/11 v2.0j Standard LaTeX package

(/usr/share/texmf-dist/tex/latex/base/t1enc.def
File: t1enc.def 2018/08/11 v2.0j Standard LaTeX file
LaTeX Font Info:    Redeclaring font encoding T1 on input line 48.
))
(/usr/share/texmf-dist/tex/latex/pdfpages/pdfpages.sty
Package: pdfpages 2019/09/21 v0.5n Insert pages of external PDF documents (AM)

(/usr/share/texmf-dist/tex/latex/base/ifthen.sty
Package: ifthen 2014/09/29 v1.1c Standard LaTeX ifthen package (DPC)
)
(/usr/share/texmf-dist/tex/latex/tools/calc.sty
Package: calc 2017/05/25 v4.3 Infix arithmetic (KKT,FJ)
\calc@Acount=\count102
\calc@Bcount=\count103
\calc@Adimen=\dimen117
\calc@Bdimen=\dimen118
\calc@Askip=\skip46
\calc@Bskip=\skip47
LaTeX Info: Redefining \setlength on input line 80.
LaTeX Info: Redefining \addtolength on input line 81.
\calc@Ccount=\count104
\calc@Cskip=\skip48
)
(/usr/share/texmf-dist/tex/latex/eso-pic/eso-pic.sty
Package: eso-pic 2018/04/12 v2.0h eso-pic (RN)

(/usr/share/texmf-dist/tex/latex/xcolor/xcolor.sty
Package: xcolor 2016/05/11 v2.12 LaTeX color extensions (UK)

(/usr/share/texmf-dist/tex/latex/graphics-cfg/color.cfg
File: color.cfg 2016/01/02 v1.6 sample color configuration
)
Package xcolor Info: Driver file: pdftex.def on input line 225.
Package xcolor Info: Model `cmy' substituted by `cmy0' on input line 1348.
Package xcolor Info: Model `hsb' substituted by `rgb' on input line 1352.
Package xcolor Info: Model `RGB' extended on input line 1364.
Package xcolor Info: Model `HTML' substituted by `rgb' on input line 1366.
Package xcolor Info: Model `Hsb' substituted by `hsb' on input line 1367.
Package xcolor Info: Model `tHsb' substituted by `hsb' on input line 1368.
Package xcolor Info: Model `HSB' substituted by `hsb' on input line 1369.
Package xcolor Info: Model `Gray' substituted by `gray' on input line 1370.
Package xcolor Info: Model `wave' substituted by `hsb' on input line 1371.
))
\AM@pagewidth=\dimen119
\AM@pageheight=\dimen120

(/usr/share/texmf-dist/tex/latex/pdfpages/pppdftex.def
File: pppdftex.def 2019/09/21 v0.5n Pdfpages driver for pdfTeX (AM)
)
\AM@pagebox=\box29
\AM@global@opts=\toks19
\AM@toc@title=\toks20
\c@AM@survey=\count105
\AM@templatesizebox=\box30
)
\OKRAJE=\dimen121
\DOKUMENTVYSKA=\dimen122
 (./main.aux)
\openout1 = `main.aux'.

LaTeX Font Info:    Checking defaults for OML/cmm/m/it on input line 45.
LaTeX Font Info:    ... okay on input line 45.
LaTeX Font Info:    Checking defaults for T1/cmr/m/n on input line 45.
LaTeX Font Info:    ... okay on input line 45.
LaTeX Font Info:    Checking defaults for OT1/cmr/m/n on input line 45.
LaTeX Font Info:    ... okay on input line 45.
LaTeX Font Info:    Checking defaults for OMS/cmsy/m/n on input line 45.
LaTeX Font Info:    ... okay on input line 45.
LaTeX Font Info:    Checking defaults for OMX/cmex/m/n on input line 45.
LaTeX Font Info:    ... okay on input line 45.
LaTeX Font Info:    Checking defaults for U/cmr/m/n on input line 45.
LaTeX Font Info:    ... okay on input line 45.
LaTeX Font Info:    Checking defaults for PD1/pdf/m/n on input line 45.
LaTeX Font Info:    ... okay on input line 45.

(/usr/share/texmf-dist/tex/context/base/mkii/supp-pdf.mkii
[Loading MPS to PDF converter (version 2006.09.02).]
\scratchcounter=\count106
\scratchdimen=\dimen123
\scratchbox=\box31
\nofMPsegments=\count107
\nofMParguments=\count108
\everyMPshowfont=\toks21
\MPscratchCnt=\count109
\MPscratchDim=\dimen124
\MPnumerator=\count110
\makeMPintoPDFobject=\count111
\everyMPtoPDFconversion=\toks22
) (/usr/share/texmf-dist/tex/latex/oberdiek/epstopdf-base.sty
Package: epstopdf-base 2016/05/15 v2.6 Base part for package epstopdf

(/usr/share/texmf-dist/tex/latex/oberdiek/grfext.sty
Package: grfext 2016/05/16 v1.2 Manage graphics extensions (HO)
)
Package epstopdf-base Info: Redefining graphics rule for `.eps' on input line 4
38.
Package grfext Info: Graphics extension search list:
(grfext)             [.pdf,.png,.jpg,.mps,.jpeg,.jbig2,.jb2,.PDF,.PNG,.JPG,.JPE
G,.JBIG2,.JB2,.eps]
(grfext)             \AppendGraphicsExtensions on input line 456.

(/usr/share/texmf-dist/tex/latex/latexconfig/epstopdf-sys.cfg
File: epstopdf-sys.cfg 2010/07/13 v1.3 Configuration of (r)epstopdf for TeX Liv
e
))
\AtBeginShipoutBox=\box32
Package hyperref Info: Link coloring OFF on input line 45.

(/usr/share/texmf-dist/tex/latex/hyperref/nameref.sty
Package: nameref 2019/09/16 v2.46 Cross-referencing by name of section

(/usr/share/texmf-dist/tex/generic/oberdiek/gettitlestring.sty
Package: gettitlestring 2016/05/16 v1.5 Cleanup title references (HO)
)
\c@section@level=\count112
)
LaTeX Info: Redefining \ref on input line 45.
LaTeX Info: Redefining \pageref on input line 45.
LaTeX Info: Redefining \nameref on input line 45.
 (./main.out)
(./main.out)
\@outlinefile=\write3
\openout3 = `main.out'.

 (/usr/share/texmf-dist/tex/latex/oberdiek/pdflscape.sty
Package: pdflscape 2016/05/14 v0.11 Display of landscape pages in PDF (HO)

(/usr/share/texmf-dist/tex/latex/graphics/lscape.sty
Package: lscape 2000/10/22 v3.01 Landscape Pages (DPC)
)
Package pdflscape Info: Auto-detected driver: pdftex on input line 81.
)
LaTeX Font Info:    External font `cmex10' loaded for size
(Font)              <14.4> on input line 50.
LaTeX Font Info:    External font `cmex10' loaded for size
(Font)              <7> on input line 50.
<1.jpg, id=4, 376.40625pt x 501.875pt>
File: 1.jpg Graphic file (type jpg)
<use 1.jpg>
Package pdftex.def Info: 1.jpg  used on input line 55.
(pdftex.def)             Requested size: 113.81102pt x 151.75064pt.
LaTeX Font Info:    Trying to load font information for OMS+cmr on input line 5
9.

(/usr/share/texmf-dist/tex/latex/base/omscmr.fd
File: omscmr.fd 2014/09/29 v2.5h Standard LaTeX font definitions
)
LaTeX Font Info:    Font shape `OMS/cmr/m/n' in size <12> not available
(Font)              Font shape `OMS/cmsy/m/n' tried instead on input line 59.
LaTeX Font Info:    External font `cmex10' loaded for size
(Font)              <12> on input line 63.
LaTeX Font Info:    External font `cmex10' loaded for size
(Font)              <8> on input line 63.
LaTeX Font Info:    External font `cmex10' loaded for size
(Font)              <6> on input line 63.
<2.jpg, id=5, 194.7275pt x 259.97125pt>
File: 2.jpg Graphic file (type jpg)
<use 2.jpg>
Package pdftex.def Info: 2.jpg  used on input line 71.
(pdftex.def)             Requested size: 113.81102pt x 151.94174pt.

Overfull \hbox (2.61049pt too wide) in paragraph at lines 50--83
[][] [] 
 []


Underfull \hbox (badness 10000) in paragraph at lines 50--83

 []

<3.jpg, id=6, 421.575pt x 220.825pt>
File: 3.jpg Graphic file (type jpg)
<use 3.jpg>
Package pdftex.def Info: 3.jpg  used on input line 86.
(pdftex.def)             Requested size: 199.16928pt x 104.32687pt.

Overfull \hbox (2.61049pt too wide) in paragraph at lines 84--99
[]$[]$ $[]$ 
 []


Underfull \hbox (badness 10000) in paragraph at lines 84--99

 []

Package atveryend Info: Empty hook `BeforeClearDocument' on input line 117.

Overfull \hbox (2.61049pt too wide) in paragraph at lines 100--117
[]$[]$ $[]$ 
 []

[1

{/var/lib/texmf/fonts/map/pdftex/updmap/pdftex.map} <./1.jpg> <./2.jpg> <./3.jp
g>]
Package atveryend Info: Empty hook `AfterLastShipout' on input line 117.
 (./main.aux)
Package atveryend Info: Executing hook `AtVeryEndDocument' on input line 117.
Package atveryend Info: Executing hook `AtEndAfterFileList' on input line 117.
Package rerunfilecheck Info: File `main.out' has not changed.
(rerunfilecheck)             Checksum: D41D8CD98F00B204E9800998ECF8427E;0.
Package atveryend Info: Empty hook `AtVeryVeryEnd' on input line 117.
 ) 
Here is how much of TeX's memory you used:
 7244 strings out of 492167
 102986 string characters out of 6131558
 216687 words of memory out of 5000000
 11526 multiletter control sequences out of 15000+600000
 10361 words of font info for 30 fonts, out of 8000000 for 9000
 1141 hyphenation exceptions out of 8191
 40i,6n,45p,240b,325s stack positions out of 5000i,500n,10000p,200000b,80000s
{/usr/share/texmf-dist/fonts/enc/dvips/cm-super/cm-super-t1.enc}</usr/share/t
exmf-dist/fonts/type1/public/amsfonts/cm/cmmi12.pfb></usr/share/texmf-dist/font
s/type1/public/amsfonts/cm/cmr12.pfb></usr/share/texmf-dist/fonts/type1/public/
amsfonts/cm/cmr8.pfb></usr/share/texmf-dist/fonts/type1/public/amsfonts/cm/cmsy
10.pfb></usr/share/texmf-dist/fonts/type1/public/cm-super/sfrm1200.pfb></usr/sh
are/texmf-dist/fonts/type1/public/cm-super/sfrm1440.pfb></usr/share/texmf-dist/
fonts/type1/public/cm-super/sfrm1728.pfb></usr/share/texmf-dist/fonts/type1/pub
lic/cm-super/sfrm2074.pfb>
Output written on main.pdf (1 page, 213835 bytes).
PDF statistics:
 49 PDF objects out of 1000 (max. 8388607)
 34 compressed objects within 1 object stream
 2 named destinations out of 1000 (max. 500000)
 16 words of extra memory for PDF output out of 10000 (max. 10000000)

