This is pdfTeX, Version 3.14159265-2.6-1.40.20 (TeX Live 2019/Arch Linux) (preloaded format=pdflatex 2020.5.15)  17 JUN 2020 10:40
entering extended mode
 restricted \write18 enabled.
 %&-line parsing enabled.
**/home/jiri/skola/m/analiticka/main.tex
(/home/jiri/skola/m/analiticka/main.tex
LaTeX2e <2019-10-01> patch level 1
(./h.tex (./h-include.tex
\Okraje=\dimen102
 (/home/jiri/souteze/_hlavicka/h-.tex
(/usr/share/texmf-dist/tex/latex/base/article.cls
Document Class: article 2019/08/27 v1.4j Standard LaTeX document class
(/usr/share/texmf-dist/tex/latex/base/size10.clo
File: size10.clo 2019/08/27 v1.4j Standard LaTeX file (size option)
)
\c@part=\count80
\c@section=\count81
\c@subsection=\count82
\c@subsubsection=\count83
\c@paragraph=\count84
\c@subparagraph=\count85
\c@figure=\count86
\c@table=\count87
\abovecaptionskip=\skip41
\belowcaptionskip=\skip42
\bibindent=\dimen103
)
(/usr/share/texmf-dist/tex/latex/base/inputenc.sty
Package: inputenc 2018/08/11 v1.3c Input encoding file
\inpenc@prehook=\toks14
\inpenc@posthook=\toks15
)
(/usr/share/texmf-dist/tex/generic/babel/babel.sty
Package: babel 2019/10/15 3.35 The Babel package

(/usr/share/texmf-dist/tex/generic/babel/switch.def
File: switch.def 2019/10/15 3.35 Babel switching mechanism
)
(/usr/share/texmf-dist/tex/generic/babel-czech/czech.ldf
Language: czech 2008/07/06 v3.1a Czech support from the babel system

(/usr/share/texmf-dist/tex/generic/babel/babel.def
File: babel.def 2019/10/15 3.35 Babel common definitions
\babel@savecnt=\count88
\U@D=\dimen104

(/usr/share/texmf-dist/tex/generic/babel/txtbabel.def)
\bbl@dirlevel=\count89
)
Package babel Info: Making " an active character on input line 172.
\cs@wordlen=\count90
Package babel Info: Making - an active character on input line 226.
))
(/usr/share/texmf-dist/tex/latex/amsmath/amsmath.sty
Package: amsmath 2019/04/01 v2.17c AMS math features
\@mathmargin=\skip43

For additional information on amsmath, use the `?' option.
(/usr/share/texmf-dist/tex/latex/amsmath/amstext.sty
Package: amstext 2000/06/29 v2.01 AMS text

(/usr/share/texmf-dist/tex/latex/amsmath/amsgen.sty
File: amsgen.sty 1999/11/30 v2.0 generic functions
\@emptytoks=\toks16
\ex@=\dimen105
))
(/usr/share/texmf-dist/tex/latex/amsmath/amsbsy.sty
Package: amsbsy 1999/11/29 v1.2d Bold Symbols
\pmbraise@=\dimen106
)
(/usr/share/texmf-dist/tex/latex/amsmath/amsopn.sty
Package: amsopn 2016/03/08 v2.02 operator names
)
\inf@bad=\count91
LaTeX Info: Redefining \frac on input line 227.
\uproot@=\count92
\leftroot@=\count93
LaTeX Info: Redefining \overline on input line 389.
\classnum@=\count94
\DOTSCASE@=\count95
LaTeX Info: Redefining \ldots on input line 486.
LaTeX Info: Redefining \dots on input line 489.
LaTeX Info: Redefining \cdots on input line 610.
\Mathstrutbox@=\box27
\strutbox@=\box28
\big@size=\dimen107
LaTeX Font Info:    Redeclaring font encoding OML on input line 733.
LaTeX Font Info:    Redeclaring font encoding OMS on input line 734.
\macc@depth=\count96
\c@MaxMatrixCols=\count97
\dotsspace@=\muskip10
\c@parentequation=\count98
\dspbrk@lvl=\count99
\tag@help=\toks17
\row@=\count100
\column@=\count101
\maxfields@=\count102
\andhelp@=\toks18
\eqnshift@=\dimen108
\alignsep@=\dimen109
\tagshift@=\dimen110
\tagwidth@=\dimen111
\totwidth@=\dimen112
\lineht@=\dimen113
\@envbody=\toks19
\multlinegap=\skip44
\multlinetaggap=\skip45
\mathdisplay@stack=\toks20
LaTeX Info: Redefining \[ on input line 2855.
LaTeX Info: Redefining \] on input line 2856.
)
(/usr/share/texmf-dist/tex/latex/amsfonts/amssymb.sty
Package: amssymb 2013/01/14 v3.01 AMS font symbols

(/usr/share/texmf-dist/tex/latex/amsfonts/amsfonts.sty
Package: amsfonts 2013/01/14 v3.01 Basic AMSFonts support
\symAMSa=\mathgroup4
\symAMSb=\mathgroup5
LaTeX Font Info:    Redeclaring math symbol \hbar on input line 98.
LaTeX Font Info:    Overwriting math alphabet `\mathfrak' in version `bold'
(Font)                  U/euf/m/n --> U/euf/b/n on input line 106.
))
(/usr/share/texmf-dist/tex/latex/tools/calc.sty
Package: calc 2017/05/25 v4.3 Infix arithmetic (KKT,FJ)
\calc@Acount=\count103
\calc@Bcount=\count104
\calc@Adimen=\dimen114
\calc@Bdimen=\dimen115
\calc@Askip=\skip46
\calc@Bskip=\skip47
LaTeX Info: Redefining \setlength on input line 80.
LaTeX Info: Redefining \addtolength on input line 81.
\calc@Ccount=\count105
\calc@Cskip=\skip48
)
(/usr/share/texmf-dist/tex/latex/pdfpages/pdfpages.sty
Package: pdfpages 2019/09/21 v0.5n Insert pages of external PDF documents (AM)

(/usr/share/texmf-dist/tex/latex/base/ifthen.sty
Package: ifthen 2014/09/29 v1.1c Standard LaTeX ifthen package (DPC)
)
(/usr/share/texmf-dist/tex/latex/eso-pic/eso-pic.sty
Package: eso-pic 2018/04/12 v2.0h eso-pic (RN)

(/usr/share/texmf-dist/tex/generic/oberdiek/atbegshi.sty
Package: atbegshi 2016/06/09 v1.18 At begin shipout hook (HO)

(/usr/share/texmf-dist/tex/generic/oberdiek/infwarerr.sty
Package: infwarerr 2016/05/16 v1.4 Providing info/warning/error messages (HO)
)
(/usr/share/texmf-dist/tex/generic/oberdiek/ltxcmds.sty
Package: ltxcmds 2016/05/16 v1.23 LaTeX kernel commands for general use (HO)
)
(/usr/share/texmf-dist/tex/generic/oberdiek/ifpdf.sty
Package: ifpdf 2018/09/07 v3.3 Provides the ifpdf switch
))
(/usr/share/texmf-dist/tex/latex/graphics/keyval.sty
Package: keyval 2014/10/28 v1.15 key=value parser (DPC)
\KV@toks@=\toks21
)
(/usr/share/texmf-dist/tex/latex/xcolor/xcolor.sty
Package: xcolor 2016/05/11 v2.12 LaTeX color extensions (UK)

(/usr/share/texmf-dist/tex/latex/graphics-cfg/color.cfg
File: color.cfg 2016/01/02 v1.6 sample color configuration
)
Package xcolor Info: Driver file: pdftex.def on input line 225.

(/usr/share/texmf-dist/tex/latex/graphics-def/pdftex.def
File: pdftex.def 2018/01/08 v1.0l Graphics/color driver for pdftex
)
Package xcolor Info: Model `cmy' substituted by `cmy0' on input line 1348.
Package xcolor Info: Model `hsb' substituted by `rgb' on input line 1352.
Package xcolor Info: Model `RGB' extended on input line 1364.
Package xcolor Info: Model `HTML' substituted by `rgb' on input line 1366.
Package xcolor Info: Model `Hsb' substituted by `hsb' on input line 1367.
Package xcolor Info: Model `tHsb' substituted by `hsb' on input line 1368.
Package xcolor Info: Model `HSB' substituted by `hsb' on input line 1369.
Package xcolor Info: Model `Gray' substituted by `gray' on input line 1370.
Package xcolor Info: Model `wave' substituted by `hsb' on input line 1371.
))
(/usr/share/texmf-dist/tex/latex/graphics/graphicx.sty
Package: graphicx 2017/06/01 v1.1a Enhanced LaTeX Graphics (DPC,SPQR)

(/usr/share/texmf-dist/tex/latex/graphics/graphics.sty
Package: graphics 2019/10/08 v1.3c Standard LaTeX Graphics (DPC,SPQR)

(/usr/share/texmf-dist/tex/latex/graphics/trig.sty
Package: trig 2016/01/03 v1.10 sin cos tan (DPC)
)
(/usr/share/texmf-dist/tex/latex/graphics-cfg/graphics.cfg
File: graphics.cfg 2016/06/04 v1.11 sample graphics configuration
)
Package graphics Info: Driver file: pdftex.def on input line 105.
)
\Gin@req@height=\dimen116
\Gin@req@width=\dimen117
)
\AM@pagewidth=\dimen118
\AM@pageheight=\dimen119

(/usr/share/texmf-dist/tex/latex/pdfpages/pppdftex.def
File: pppdftex.def 2019/09/21 v0.5n Pdfpages driver for pdfTeX (AM)
)
\AM@pagebox=\box29
\AM@global@opts=\toks22
\AM@toc@title=\toks23
\c@AM@survey=\count106
\AM@templatesizebox=\box30
)
\OKRAJE=\dimen120
\DOKUMENTVYSKA=\dimen121
)
(/usr/local/share/texmf/tex/latex/enumitem/enumitem.sty
Package: enumitem 2019/06/20 v3.9 Customized lists
\labelindent=\skip49
\enit@outerparindent=\dimen122
\enit@toks=\toks24
\enit@inbox=\box31
\enit@count@id=\count107
\enitdp@description=\count108
)
\c@V=\count109
\c@chapter=\count110
\c@roman=\count111
\c@countOfBegin=\count112
)) (./main.aux)
\openout1 = `main.aux'.

LaTeX Font Info:    Checking defaults for OML/cmm/m/it on input line 2.
LaTeX Font Info:    ... okay on input line 2.
LaTeX Font Info:    Checking defaults for T1/cmr/m/n on input line 2.
LaTeX Font Info:    ... okay on input line 2.
LaTeX Font Info:    Checking defaults for OT1/cmr/m/n on input line 2.
LaTeX Font Info:    ... okay on input line 2.
LaTeX Font Info:    Checking defaults for OMS/cmsy/m/n on input line 2.
LaTeX Font Info:    ... okay on input line 2.
LaTeX Font Info:    Checking defaults for OMX/cmex/m/n on input line 2.
LaTeX Font Info:    ... okay on input line 2.
LaTeX Font Info:    Checking defaults for U/cmr/m/n on input line 2.
LaTeX Font Info:    ... okay on input line 2.
\AtBeginShipoutBox=\box32

(/usr/share/texmf-dist/tex/context/base/mkii/supp-pdf.mkii
[Loading MPS to PDF converter (version 2006.09.02).]
\scratchcounter=\count113
\scratchdimen=\dimen123
\scratchbox=\box33
\nofMPsegments=\count114
\nofMParguments=\count115
\everyMPshowfont=\toks25
\MPscratchCnt=\count116
\MPscratchDim=\dimen124
\MPnumerator=\count117
\makeMPintoPDFobject=\count118
\everyMPtoPDFconversion=\toks26
) (/usr/share/texmf-dist/tex/latex/oberdiek/epstopdf-base.sty
Package: epstopdf-base 2016/05/15 v2.6 Base part for package epstopdf

(/usr/share/texmf-dist/tex/latex/oberdiek/grfext.sty
Package: grfext 2016/05/16 v1.2 Manage graphics extensions (HO)

(/usr/share/texmf-dist/tex/generic/oberdiek/kvdefinekeys.sty
Package: kvdefinekeys 2016/05/16 v1.4 Define keys (HO)
))
(/usr/share/texmf-dist/tex/latex/oberdiek/kvoptions.sty
Package: kvoptions 2016/05/16 v3.12 Key value format for package options (HO)

(/usr/share/texmf-dist/tex/generic/oberdiek/kvsetkeys.sty
Package: kvsetkeys 2016/05/16 v1.17 Key value parser (HO)

(/usr/share/texmf-dist/tex/generic/oberdiek/etexcmds.sty
Package: etexcmds 2016/05/16 v1.6 Avoid name clashes with e-TeX commands (HO)

(/usr/share/texmf-dist/tex/generic/oberdiek/ifluatex.sty
Package: ifluatex 2016/05/16 v1.4 Provides the ifluatex switch (HO)
Package ifluatex Info: LuaTeX not detected.
))))
(/usr/share/texmf-dist/tex/generic/oberdiek/pdftexcmds.sty
Package: pdftexcmds 2019/07/25 v0.30 Utility functions of pdfTeX for LuaTeX (HO
)
Package pdftexcmds Info: LuaTeX not detected.
Package pdftexcmds Info: \pdf@primitive is available.
Package pdftexcmds Info: \pdf@ifprimitive is available.
Package pdftexcmds Info: \pdfdraftmode found.
)
Package epstopdf-base Info: Redefining graphics rule for `.eps' on input line 4
38.
Package grfext Info: Graphics extension search list:
(grfext)             [.pdf,.png,.jpg,.mps,.jpeg,.jbig2,.jb2,.PDF,.PNG,.JPG,.JPE
G,.JBIG2,.JB2,.eps]
(grfext)             \AppendGraphicsExtensions on input line 456.

(/usr/share/texmf-dist/tex/latex/latexconfig/epstopdf-sys.cfg
File: epstopdf-sys.cfg 2010/07/13 v1.3 Configuration of (r)epstopdf for TeX Liv
e
))
(/usr/share/texmf-dist/tex/latex/oberdiek/pdflscape.sty
Package: pdflscape 2016/05/14 v0.11 Display of landscape pages in PDF (HO)

(/usr/share/texmf-dist/tex/latex/graphics/lscape.sty
Package: lscape 2000/10/22 v3.01 Landscape Pages (DPC)
)
Package pdflscape Info: Auto-detected driver: pdftex on input line 81.

(/usr/share/texmf-dist/tex/generic/ifxetex/ifxetex.sty
Package: ifxetex 2010/09/12 v0.6 Provides ifxetex conditional
)) (./main.toc
LaTeX Font Info:    Trying to load font information for OMS+cmr on input line 2
.

(/usr/share/texmf-dist/tex/latex/base/omscmr.fd
File: omscmr.fd 2014/09/29 v2.5h Standard LaTeX font definitions
)
LaTeX Font Info:    Font shape `OMS/cmr/bx/n' in size <10> not available
(Font)              Font shape `OMS/cmsy/b/n' tried instead on input line 2.
LaTeX Font Info:    Trying to load font information for U+msa on input line 7.

(/usr/share/texmf-dist/tex/latex/amsfonts/umsa.fd
File: umsa.fd 2013/01/14 v3.01 AMS symbols A
)
LaTeX Font Info:    Trying to load font information for U+msb on input line 7.

(/usr/share/texmf-dist/tex/latex/amsfonts/umsb.fd
File: umsb.fd 2013/01/14 v3.01 AMS symbols B
))
\tf@toc=\write3
\openout3 = `main.toc'.

 (./1.tex (./h.tex)
LaTeX Font Info:    Font shape `OMS/cmr/bx/n' in size <14.4> not available
(Font)              Font shape `OMS/cmsy/b/n' tried instead on input line 3.
 [1

{/var/lib/texmf/fonts/map/pdftex/updmap/pdftex.map}]
LaTeX Font Info:    Font shape `OMS/cmr/m/n' in size <10> not available
(Font)              Font shape `OMS/cmsy/m/n' tried instead on input line 7.

Underfull \hbox (badness 10000) in paragraph at lines 11--14

 []

) (./2.tex (./h.tex) [2]) (./3.tex (./h.tex)) (./4.tex (./h.tex)) (./5.tex
(./h.tex) [3]
Underfull \hbox (badness 10000) in paragraph at lines 65--72

 []


Underfull \hbox (badness 10000) in paragraph at lines 74--75

 []


Overfull \hbox (10.20338pt too wide) in paragraph at lines 86--103
[] \OT1/cmr/m/n/10 = [] \OMS/cmsy/m/n/10 ^^X [] ^^X []$ 
 []


Overfull \hbox (76.15897pt too wide) in paragraph at lines 140--167
[] \OMS/cmsy/m/n/10 ^^X [] ^^X [] ^^X [] ^^X
 []

[4]
Overfull \hbox (78.38127pt too wide) in paragraph at lines 304--326
[] \OMS/cmsy/m/n/10 ^^X [] ^^X [] ^^X []$ 
 []

[5]
Overfull \hbox (19.92572pt too wide) in paragraph at lines 332--369
[] \OMS/cmsy/m/n/10 ^^X [] ^^X [] ^^X
 []


Overfull \hbox (55.04779pt too wide) in paragraph at lines 375--402
[] \OMS/cmsy/m/n/10 ^^X [] ^^X [] ^^X [] ^^X
 []


Overfull \hbox (70.6034pt too wide) in paragraph at lines 408--435
[] \OMS/cmsy/m/n/10 ^^X [] ^^X [] ^^X [] ^^X
 []


Overfull \hbox (65.60345pt too wide) in paragraph at lines 441--463
[] \OMS/cmsy/m/n/10 ^^X [] ^^X [] ^^X []$ 
 []


Overfull \hbox (78.3812pt too wide) in paragraph at lines 469--501
[] \OMS/cmsy/m/n/10 ^^X [] ^^X [] ^^X [] ^^X
 []

[6]
Underfull \hbox (badness 10000) in paragraph at lines 551--555

 []


Overfull \hbox (56.59227pt too wide) in paragraph at lines 590--639
[] \OMS/cmsy/m/n/10 ^^X [] ^^X [] ^^X
 []


Overfull \hbox (64.37007pt too wide) in paragraph at lines 590--639
[] \OMS/cmsy/m/n/10 ^^X [] ^^X [] ^^X
 []


Overfull \hbox (33.16988pt too wide) in paragraph at lines 641--705
[] \OMS/cmsy/m/n/10 ^^X [] ^^X [] ^^X [] ^^X []$
 []

[7]
Overfull \hbox (25.39207pt too wide) in paragraph at lines 707--743
[] \OMS/cmsy/m/n/10 ^^X [] ^^X [] ^^X [] ^^X []$
 []

) (./6.tex (./h.tex)
Overfull \hbox (42.05876pt too wide) in paragraph at lines 17--59
[]$[] \OMS/cmsy/m/n/10 ^^X [] ^^X [] ^^X [] ^^X [] ^^X
 []


Overfull \hbox (0.54456pt too wide) in paragraph at lines 62--69
\OMS/cmsy/m/n/10 )$ \OT1/cmr/m/n/10 3 rov-nice o t^^Trech nezn^^Sam^^S^^Pch -- 
vy^^Tre^^Tsen^^S^^Pm do-sta-neme $\OML/cmm/m/it/10 t \OT1/cmr/m/n/10 = \OMS/cms
y/m/n/10 ^^@\OT1/cmr/m/n/10 2$. Do-sad^^S^^Pm: $[]$ 
 []

[8]
Underfull \hbox (badness 10000) in paragraph at lines 117--120

 []

[9]
Overfull \hbox (61.29698pt too wide) in paragraph at lines 140--167
[] \OT1/cmr/m/n/10 189/29: Pr^^Wuse^^Tcnice $\OML/cmm/m/it/10 p$\OT1/cmr/m/n/10
 : $[] \OMS/cmsy/m/n/10 ^^X [] ^^X [] ^^X
 []


Overfull \hbox (35.94763pt too wide) in paragraph at lines 174--210
[]$[] \OMS/cmsy/m/n/10 ^^X [] ^^X [] ^^X [] ^^X [] ^^X
 []


Overfull \hbox (99.49223pt too wide) in paragraph at lines 217--271
[] \OMS/cmsy/m/n/10 ^^X [] ^^X [] ^^X [] ^^X
 []


Overfull \hbox (5.42885pt too wide) in paragraph at lines 280--329
[]\OT1/cmr/m/n/10 Pr^^Wuse^^Tc^^S^^Pk: $[] \OMS/cmsy/m/n/10 ^^X [] ^^X [] ^^X
 []


Overfull \hbox (62.2699pt too wide) in paragraph at lines 280--329
[] \OMS/cmsy/m/n/10 ^^X [] ^^X [] ^^X [] ^^X
 []

[10]
Overfull \hbox (26.50316pt too wide) in paragraph at lines 342--381
[] \OMS/cmsy/m/n/10 ^^X [] ^^X [] ^^X [] ^^X [] ^^X
 []

) (./7.tex (./h.tex)
<7-a.pdf, id=46, 744.7825pt x 443.6575pt>
File: 7-a.pdf Graphic file (type pdf)
<use 7-a.pdf>
Package pdftex.def Info: 7-a.pdf  used on input line 19.
(pdftex.def)             Requested size: 148.95386pt x 88.72992pt.
 [11 <./7-a.pdf>]
Overfull \hbox (85.6033pt too wide) in paragraph at lines 36--92
[] \OMS/cmsy/m/n/10 ^^X [] ^^X [] ^^X [] ^^X
 []


Overfull \hbox (15.0917pt too wide) in paragraph at lines 99--137
[]$\OML/cmm/m/it/10 k[] \OMS/cmsy/m/n/10 ^^@ \OML/cmm/m/it/10 l[] \OT1/cmr/m/n/
10 + \OML/cmm/m/it/10 x[][] \OT1/cmr/m/n/10 = (\OMS/cmsy/m/n/10 ^^@\OT1/cmr/m/n
/10 13; 12; 0)$. $[] = [] \OMS/cmsy/m/n/10 ^^X [] ^^X
 []


Overfull \hbox (51.15883pt too wide) in paragraph at lines 99--137
[] \OMS/cmsy/m/n/10 ^^X [] ^^X [] ^^X []$
 []

<7-b.pdf, id=58, 800.9925pt x 481.8pt>
File: 7-b.pdf Graphic file (type pdf)
<use 7-b.pdf>
Package pdftex.def Info: 7-b.pdf  used on input line 152.
(pdftex.def)             Requested size: 160.19566pt x 96.35829pt.
[12]
Underfull \hbox (badness 10000) in paragraph at lines 160--162

 []


Overfull \hbox (77.8255pt too wide) in paragraph at lines 166--220
[]$[] \OMS/cmsy/m/n/10 ^^X [] ^^X [] ^^X [] ^^X
 []


Overfull \hbox (77.8255pt too wide) in paragraph at lines 166--220
[] \OMS/cmsy/m/n/10 ^^X [] ^^X [] ^^X [] ^^X
 []


Underfull \hbox (badness 10000) in paragraph at lines 232--234

 []

[13 <./7-b.pdf>]
Overfull \hbox (70.0477pt too wide) in paragraph at lines 244--298
[] \OMS/cmsy/m/n/10 ^^X [] ^^X [] ^^X [] ^^X
 []


Underfull \hbox (badness 10000) in paragraph at lines 322--324

 []


Overfull \hbox (6.86987pt too wide) in paragraph at lines 337--397
[]$[] \OT1/cmr/m/n/10 = [] \OMS/cmsy/m/n/10 ^^X [] ^^X [] ^^X
 []


Overfull \hbox (81.7144pt too wide) in paragraph at lines 337--397
[] \OMS/cmsy/m/n/10 ^^X [] ^^X [] ^^X [] ^^X
 []

[14]
Overfull \hbox (67.82504pt too wide) in paragraph at lines 439--506
[]$\OML/cmm/m/it/10 k[] \OMS/cmsy/m/n/10 ^^@ \OML/cmm/m/it/10 l[] \OT1/cmr/m/n/
10 + \OML/cmm/m/it/10 x[] \OT1/cmr/m/n/10 = [] = ([]; \OMS/cmsy/m/n/10 ^^@\OT1/
cmr/m/n/10 2; 0)$. $[] = [] \OMS/cmsy/m/n/10 ^^X [] ^^X
 []


Overfull \hbox (20.48119pt too wide) in paragraph at lines 439--506
[] \OMS/cmsy/m/n/10 ^^X [] ^^X [] ^^X
 []


Overfull \hbox (25.4812pt too wide) in paragraph at lines 439--506
[] \OMS/cmsy/m/n/10 ^^X [] ^^X [] ^^X
 []


Overfull \hbox (6.03677pt too wide) in paragraph at lines 439--506
[] \OMS/cmsy/m/n/10 ^^X [] ^^X []$ 
 []


Overfull \hbox (48.52238pt too wide) in paragraph at lines 518--555
[]\OT1/cmr/m/n/10 Ur^^Tc^^S^^Pm $\OML/cmm/m/it/10 P \OT1/cmr/m/n/10 = \OML/cmm/
m/it/10 p \OMS/cmsy/m/n/10 \ \OML/cmm/m/it/10 ^^Z$\OT1/cmr/m/n/10 : $[] = [] \O
MS/cmsy/m/n/10 ^^X [] ^^X [] ^^X
 []

[15]
Overfull \hbox (48.41055pt too wide) in paragraph at lines 558--596
\OT1/cmr/m/n/10 Ur^^Tc^^S^^Pm $\OML/cmm/m/it/10 Q \OT1/cmr/m/n/10 = \OML/cmm/m/
it/10 q \OMS/cmsy/m/n/10 \ \OML/cmm/m/it/10 ^^Z$\OT1/cmr/m/n/10 : $[] = [] \OMS
/cmsy/m/n/10 ^^X [] ^^X [] ^^X
 []

) (./8.tex (./h.tex)
Overfull \hbox (1.9179pt too wide) in paragraph at lines 5--9
\OT1/cmr/m/n/10 pod-pro-stor^^Wu $\OMS/cmsy/m/n/10 A\OML/cmm/m/it/10 ; \OMS/cms
y/m/n/10 B$ \OT1/cmr/m/n/10 naz^^Syv^^Same nez^^Saporn^^Se re^^Saln^^Se ^^Tc^^S
^^Pslo $\OML/cmm/m/it/10 ^^Z\OT1/cmr/m/n/10 (\OMS/cmsy/m/n/10 A\OML/cmm/m/it/10
 ; \OMS/cmsy/m/n/10 B\OT1/cmr/m/n/10 )$ de-fi-no-van^^Se takto: $\OML/cmm/m/it/
10 ^^Z\OT1/cmr/m/n/10 (\OMS/cmsy/m/n/10 A\OML/cmm/m/it/10 ; \OMS/cmsy/m/n/10 B\
OT1/cmr/m/n/10 ) =
 []

[16]
Underfull \hbox (badness 10000) in paragraph at lines 77--80

 []


Underfull \hbox (badness 10000) in paragraph at lines 87--89

 []

[17] [18]
Overfull \hbox (67.05917pt too wide) in paragraph at lines 157--166
\OMS/cmsy/m/n/10 j\OML/cmm/m/it/10 CX\OMS/cmsy/m/n/10 j \OT1/cmr/m/n/10 = [] = 
[] = [] =
 []

<8-d.pdf, id=90, 735.74875pt x 376.40625pt>
File: 8-d.pdf Graphic file (type pdf)
<use 8-d.pdf>
Package pdftex.def Info: 8-d.pdf  used on input line 178.
(pdftex.def)             Requested size: 220.72632pt x 112.92273pt.
[19 <./8-D.pdf>]
Underfull \hbox (badness 10000) in paragraph at lines 233--234

 []

[20]
<8-H.pdf, id=104, 771.88374pt x 516.93124pt>
File: 8-H.pdf Graphic file (type pdf)
<use 8-H.pdf>
Package pdftex.def Info: 8-H.pdf  used on input line 268.
(pdftex.def)             Requested size: 154.37401pt x 103.38441pt.
 [21 <./8-H.pdf>]
Overfull \hbox (14.00294pt too wide) in paragraph at lines 323--325
[] \OT1/cmr/m/n/10 = [] \OMS/cmsy/m/n/10 ^^B [] \OT1/cmr/m/n/10 = [] = (\OMS/cm
sy/m/n/10 ^^@\OT1/cmr/m/n/10 15; \OMS/cmsy/m/n/10 ^^@\OT1/cmr/m/n/10 10; 30) \O
MS/cmsy/m/n/10 !
 []


Overfull \hbox (3.81442pt too wide) in paragraph at lines 349--409
[]$[] \OMS/cmsy/m/n/10 ^^X [] ^^X [] ^^X
 []


Overfull \hbox (16.03668pt too wide) in paragraph at lines 349--409
[] \OMS/cmsy/m/n/10 ^^X [] ^^X [] ^^X
 []

[22]
<8-cv100.pdf, id=117, 917.4275pt x 142.5325pt>
File: 8-cv100.pdf Graphic file (type pdf)
<use 8-cv100.pdf>
Package pdftex.def Info: 8-cv100.pdf  used on input line 419.
(pdftex.def)             Requested size: 275.23038pt x 42.76007pt.
<8-cv82.pdf, id=118, 1457.445pt x 223.83624pt>
File: 8-cv82.pdf Graphic file (type pdf)
<use 8-cv82.pdf>
Package pdftex.def Info: 8-cv82.pdf  used on input line 441.
(pdftex.def)             Requested size: 291.48384pt x 44.76645pt.
<8-cv83.pdf, id=119, 1540.75626pt x 153.57375pt>
File: 8-cv83.pdf Graphic file (type pdf)
<use 8-cv83.pdf>
Package pdftex.def Info: 8-cv83.pdf  used on input line 448.
(pdftex.def)             Requested size: 308.1458pt x 30.7142pt.

Underfull \hbox (badness 10000) in paragraph at lines 449--452

 []


Underfull \hbox (badness 10000) in paragraph at lines 453--456

 []

[23 <./8-cv100.pdf> <./8-cv82.pdf> <./8-cv83.pdf>]
<8-cv84.pdf, id=141, 1498.59875pt x 138.5175pt>
File: 8-cv84.pdf Graphic file (type pdf)
<use 8-cv84.pdf>
Package pdftex.def Info: 8-cv84.pdf  used on input line 461.
(pdftex.def)             Requested size: 299.71445pt x 27.703pt.
<8-cv85.pdf, id=142, 1545.775pt x 156.585pt>
File: 8-cv85.pdf Graphic file (type pdf)
<use 8-cv85.pdf>
Package pdftex.def Info: 8-cv85.pdf  used on input line 474.
(pdftex.def)             Requested size: 309.14952pt x 31.31644pt.
) (./9.tex (./h.tex) [24 <./8-cv84.pdf> <./8-cv85.pdf>] [25]
<9-cv69.pdf, id=164, 1026.83624pt x 181.67876pt>
File: 9-cv69.pdf Graphic file (type pdf)
<use 9-cv69.pdf>
Package pdftex.def Info: 9-cv69.pdf  used on input line 89.
(pdftex.def)             Requested size: 308.05325pt x 54.50404pt.
<9-cv70.pdf, id=165, 1194.4625pt x 99.37125pt>
File: 9-cv70.pdf Graphic file (type pdf)
<use 9-cv70.pdf>
Package pdftex.def Info: 9-cv70.pdf  used on input line 102.
(pdftex.def)             Requested size: 358.3415pt x 29.8116pt.
 [26 <./9-cv69.pdf> <./9-cv70.pdf>]
<9-cv71.pdf, id=181, 1244.65pt x 192.72pt>
File: 9-cv71.pdf Graphic file (type pdf)
<use 9-cv71.pdf>
Package pdftex.def Info: 9-cv71.pdf  used on input line 120.
(pdftex.def)             Requested size: 373.39787pt x 57.81644pt.

Overfull \hbox (3.51204pt too wide) in paragraph at lines 120--120
 [] 
 []


Underfull \hbox (badness 10000) in paragraph at lines 131--135

 []


Underfull \hbox (badness 10000) in paragraph at lines 135--136

 []


Underfull \hbox (badness 10000) in paragraph at lines 137--141

 []


Underfull \hbox (badness 10000) in paragraph at lines 141--142

 []

<9-cv73.pdf, id=182, 1109.14375pt x 101.37875pt>
File: 9-cv73.pdf Graphic file (type pdf)
<use 9-cv73.pdf>
Package pdftex.def Info: 9-cv73.pdf  used on input line 146.
(pdftex.def)             Requested size: 332.7457pt x 30.41385pt.
[27 <./9-cv71.pdf> <./9-cv73.pdf>]
<9-B.pdf, id=199, 641.39626pt x 633.36626pt>
File: 9-B.pdf Graphic file (type pdf)
<use 9-B.pdf>
Package pdftex.def Info: 9-B.pdf  used on input line 183.
(pdftex.def)             Requested size: 128.27698pt x 126.671pt.

Overfull \hbox (2.2222pt too wide) in paragraph at lines 182--197
[]$[]$ $[]$
 []

[28 <./9-B.pdf>]
Underfull \hbox (badness 10000) in paragraph at lines 227--230

 []


Underfull \hbox (badness 10000) in paragraph at lines 232--235

 []


Underfull \hbox (badness 10000) in paragraph at lines 237--240

 []

[29]
Underfull \hbox (badness 10000) in paragraph at lines 284--287

 []


Underfull \hbox (badness 10000) in paragraph at lines 292--296

 []

[30]
Underfull \hbox (badness 10000) in paragraph at lines 297--301

 []


Underfull \hbox (badness 10000) in paragraph at lines 307--309

 []


Underfull \hbox (badness 10000) in paragraph at lines 312--314

 []


Underfull \hbox (badness 10000) in paragraph at lines 316--318

 []


Underfull \hbox (badness 10000) in paragraph at lines 320--322

 []


Underfull \hbox (badness 10000) in paragraph at lines 324--326

 []

<cv75.pdf, id=215, 1056.94875pt x 128.48pt>
File: cv75.pdf Graphic file (type pdf)
<use cv75.pdf>
Package pdftex.def Info: cv75.pdf  used on input line 329.
(pdftex.def)             Requested size: 317.08707pt x 38.54428pt.
[31 <./cv75.pdf>]
<cv76.pdf, id=226, 1041.8925pt x 110.4125pt>
File: cv76.pdf Graphic file (type pdf)
<use cv76.pdf>
Package pdftex.def Info: cv76.pdf  used on input line 347.
(pdftex.def)             Requested size: 312.57016pt x 33.124pt.

Underfull \hbox (badness 10000) in paragraph at lines 348--349

 []


Underfull \hbox (badness 10000) in paragraph at lines 355--359

 []

<cv77.pdf, id=227, 807.015pt x 120.45pt>
File: cv77.pdf Graphic file (type pdf)
<use cv77.pdf>
Package pdftex.def Info: cv77.pdf  used on input line 364.
(pdftex.def)             Requested size: 242.10637pt x 36.13527pt.
<cv79.pdf, id=228, 925.4575pt x 91.34125pt>
File: cv79.pdf Graphic file (type pdf)
<use cv79.pdf>
Package pdftex.def Info: cv79.pdf  used on input line 370.
(pdftex.def)             Requested size: 277.63939pt x 27.40257pt.
[32 <./cv76.pdf> <./cv77.pdf>]
Underfull \hbox (badness 10000) in paragraph at lines 379--384

 []

[33 <./cv79.pdf>]) [34] (./main.aux) )
(\end occurred when \ifnum on line 13 was incomplete) 
Here is how much of TeX's memory you used:
 5276 strings out of 492167
 69902 string characters out of 6131558
 188433 words of memory out of 5000000
 9466 multiletter control sequences out of 15000+600000
 12359 words of font info for 48 fonts, out of 8000000 for 9000
 1141 hyphenation exceptions out of 8191
 49i,20n,51p,363b,251s stack positions out of 5000i,500n,10000p,200000b,80000s
</usr/share/texmf-dist/fon
ts/type1/public/amsfonts/cm/cmbsy10.pfb></usr/share/texmf-dist/fonts/type1/publ
ic/amsfonts/cm/cmbx10.pfb></usr/share/texmf-dist/fonts/type1/public/amsfonts/cm
/cmbx12.pfb></usr/share/texmf-dist/fonts/type1/public/amsfonts/cm/cmex10.pfb></
usr/share/texmf-dist/fonts/type1/public/amsfonts/cmextra/cmex7.pfb></usr/share/
texmf-dist/fonts/type1/public/amsfonts/cm/cmmi10.pfb></usr/share/texmf-dist/fon
ts/type1/public/amsfonts/cm/cmmi12.pfb></usr/share/texmf-dist/fonts/type1/publi
c/amsfonts/cm/cmmi5.pfb></usr/share/texmf-dist/fonts/type1/public/amsfonts/cm/c
mmi7.pfb></usr/share/texmf-dist/fonts/type1/public/amsfonts/cm/cmr10.pfb></usr/
share/texmf-dist/fonts/type1/public/amsfonts/cm/cmr17.pfb></usr/share/texmf-dis
t/fonts/type1/public/amsfonts/cm/cmr5.pfb></usr/share/texmf-dist/fonts/type1/pu
blic/amsfonts/cm/cmr7.pfb></usr/share/texmf-dist/fonts/type1/public/amsfonts/cm
/cmr8.pfb></usr/share/texmf-dist/fonts/type1/public/amsfonts/cm/cmsy10.pfb></us
r/share/texmf-dist/fonts/type1/public/amsfonts/cm/cmsy7.pfb></usr/share/texmf-d
ist/fonts/type1/public/amsfonts/cm/cmti10.pfb></usr/share/texmf-dist/fonts/type
1/public/amsfonts/symbols/msam10.pfb></usr/share/texmf-dist/fonts/type1/public/
amsfonts/symbols/msbm10.pfb>
Output written on main.pdf (34 pages, 1126561 bytes).
PDF statistics:
 317 PDF objects out of 1000 (max. 8388607)
 205 compressed objects within 3 object streams
 0 named destinations out of 1000 (max. 500000)
 91 words of extra memory for PDF output out of 10000 (max. 10000000)

