\BOOKMARK [1][-]{section.1}{\203}{}% 1
\BOOKMARK [1][-]{section.2}{\203}{}% 2
\BOOKMARK [1][-]{section.3}{\203}{}% 3
\BOOKMARK [1][-]{section.4}{\203}{}% 4
\BOOKMARK [1][-]{section.5}{Vz\341jemn\341 poloha dvou rovin}{}% 5
\BOOKMARK [2][-]{section*.2}{V.5.2.: \040Veta o vz\341jemn\351 poloze dvou rovin dan\375ch parametrick\375mi rovnicemi}{section.5}% 6
\BOOKMARK [1][-]{section.6}{Vz\341jemn\341 poloha pr\355mky a roviny}{}% 7
\BOOKMARK [2][-]{section*.3}{V.6.1.: \040Veta o vz\341jemn\351 poloze pr\355mky a roviny dan\351 parametrick\375mi rovnicemi}{section.6}% 8
\BOOKMARK [3][-]{section*.3}{V.6.2.: \040Veta o vz\341jemn\351 poloze pr\355mky a roviny dan\351 obecnou rovnic\355}{section.6}% 9
\BOOKMARK [1][-]{section.7}{ Pr\355cka mimobe\236ek}{}% 10
\BOOKMARK [2][-]{subsection.7.1}{Nalezen\355 pr\355cky r mimobe\236ek p, q, kter\341 je rovnobe\236n\341 s dan\375m vektorem}{section.7}% 11
\BOOKMARK [2][-]{subsection.7.2}{Nalezen\355 pr\355cky r mimobe\236ek p, q, kter\341 proch\341z\355 bodem M}{section.7}% 12
\BOOKMARK [2][-]{subsection.7.3}{ Nalezen\355 osy o mimobe\236ek p, q}{section.7}% 13
\BOOKMARK [1][-]{section.8}{Vzd\341lenost}{}% 14
\BOOKMARK [2][-]{subsection.8.1}{Vzd\341lenost 2 bodu v E2,E3}{section.8}% 15
\BOOKMARK [2][-]{subsection.8.2}{Vzd\341lenost bodu od pr\355mky v E2}{section.8}% 16
\BOOKMARK [2][-]{subsection.8.3}{Vzd\341lenost bodu od pr\355mky v E3}{section.8}% 17
\BOOKMARK [2][-]{subsection.8.4}{Vzd\341lenost bodu od roviny v E3}{section.8}% 18
\BOOKMARK [2][-]{subsection.8.5}{Vzd\341lenost dvou rovnobe\236n\375ch pr\355mek v E3}{section.8}% 19
\BOOKMARK [2][-]{subsection.8.6}{Vzd\341lenost dvou rovnobe\236n\375ch pr\355mek v E2}{section.8}% 20
\BOOKMARK [2][-]{subsection.8.7}{Vzd\341lenost pr\355mky od roviny s n\355 rovnobe\236n\351 v E3}{section.8}% 21
\BOOKMARK [2][-]{subsection.8.8}{Vzd\341lenost dvou rovnobe\236n\375ch rovin v E3}{section.8}% 22
\BOOKMARK [2][-]{subsection.8.9}{Vzd\341lenosti dvou mimobe\236n\375ch pr\355mek v E3}{section.8}% 23
\BOOKMARK [1][-]{section.9}{Odchylka}{}% 24
\BOOKMARK [2][-]{subsection.9.1}{Odchylka dvou pr\355mek v E2}{section.9}% 25
\BOOKMARK [2][-]{subsection.9.2}{Odchylka dvou pr\355mek v E3}{section.9}% 26
\BOOKMARK [2][-]{subsection.9.3}{Odchylka pr\355mky od roviny v E3}{section.9}% 27
\BOOKMARK [2][-]{subsection.9.4}{Odchylka dvou rovin v E3}{section.9}% 28
